<html>
<head>
<title>TestNG:  Test</title>
<link href="../testng.css" rel="stylesheet" type="text/css" />
<link href="../my-testng.css" rel="stylesheet" type="text/css" />

<style type="text/css">
.log { display: none;} 
.stack-trace { display: none;} 
</style>
<script type="text/javascript">
<!--
function flip(e) {
  current = e.style.display;
  if (current == 'block') {
    e.style.display = 'none';
    return 0;
  }
  else {
    e.style.display = 'block';
    return 1;
  }
}

function toggleBox(szDivId, elem, msg1, msg2)
{
  var res = -1;  if (document.getElementById) {
    res = flip(document.getElementById(szDivId));
  }
  else if (document.all) {
    // this is the way old msie versions work
    res = flip(document.all[szDivId]);
  }
  if(elem) {
    if(res == 0) elem.innerHTML = msg1; else elem.innerHTML = msg2;
  }

}

function toggleAllBoxes() {
  if (document.getElementsByTagName) {
    d = document.getElementsByTagName('div');
    for (i = 0; i < d.length; i++) {
      if (d[i].className == 'log') {
        flip(d[i]);
      }
    }
  }
}

// -->
</script>

</head>
<body>
<h2 align='center'>Test</h2><table border='1' align="center">
<tr>
<td>Tests passed/Failed/Skipped:</td><td>3/0/6</td>
</tr><tr>
<td>Started on:</td><td>Wed Jul 27 19:18:44 IST 2022</td>
</tr>
<tr><td>Total time:</td><td>44 seconds (44819 ms)</td>
</tr><tr>
<td>Included groups:</td><td></td>
</tr><tr>
<td>Excluded groups:</td><td></td>
</tr>
</table><p/>
<small><i>(Hover the method name to see the test class name)</i></small><p/>
<table width='100%' border='1' class='invocation-failed'>
<tr><td colspan='4' align='center'><b>FAILED CONFIGURATIONS</b></td></tr>
<tr><td><b>Test method</b></td>
<td width="30%"><b>Exception</b></td>
<td width="10%"><b>Time (seconds)</b></td>
<td><b>Instance</b></td>
</tr>
<tr>
<td title='org.tyss.sms.initclasses.LoginInitTest.PreSetUp()'><b>PreSetUp</b><br>Test class: org.tyss.sms.initclasses.LoginInitTest</td>
<td><div><pre>java.lang.NullPointerException: Cannot invoke &quot;String.hashCode()&quot; because &quot;browser&quot; is null
	at org.tyss.sms.genricUtility.SmsWebDriverUtility.setupDriver(SmsWebDriverUtility.java:37)
	at org.tyss.sms.genricUtility.BaseClassTest.PreSetUp(BaseClassTest.java:47)
	at java.base/java.util.concurrent.ThreadPoolExecutor.runWorker(ThreadPoolExecutor.java:1130)
	at java.base/java.util.concurrent.ThreadPoolExecutor$Worker.run(ThreadPoolExecutor.java:630)
	at java.base/java.lang.Thread.run(Thread.java:831)
... Removed 12 stack frames</pre></div><a href='#' onClick='toggleBox("stack-trace285608725", this, "Click to show all stack frames", "Click to hide stack frames")'>Click to show all stack frames</a>
<div class='stack-trace' id='stack-trace285608725'><pre>java.lang.NullPointerException: Cannot invoke &quot;String.hashCode()&quot; because &quot;browser&quot; is null
	at org.tyss.sms.genricUtility.SmsWebDriverUtility.setupDriver(SmsWebDriverUtility.java:37)
	at org.tyss.sms.genricUtility.BaseClassTest.PreSetUp(BaseClassTest.java:47)
	at java.base/jdk.internal.reflect.NativeMethodAccessorImpl.invoke0(Native Method)
	at java.base/jdk.internal.reflect.NativeMethodAccessorImpl.invoke(NativeMethodAccessorImpl.java:78)
	at java.base/jdk.internal.reflect.DelegatingMethodAccessorImpl.invoke(DelegatingMethodAccessorImpl.java:43)
	at java.base/java.lang.reflect.Method.invoke(Method.java:567)
	at org.testng.internal.MethodInvocationHelper.invokeMethod(MethodInvocationHelper.java:85)
	at org.testng.internal.Invoker.invokeConfigurationMethod(Invoker.java:510)
	at org.testng.internal.Invoker.invokeConfigurations(Invoker.java:211)
	at org.testng.internal.Invoker.invokeMethod(Invoker.java:585)
	at org.testng.internal.Invoker.invokeTestMethod(Invoker.java:816)
	at org.testng.internal.Invoker.invokeTestMethods(Invoker.java:1124)
	at org.testng.internal.TestMethodWorker.invokeTestMethods(TestMethodWorker.java:125)
	at org.testng.internal.TestMethodWorker.run(TestMethodWorker.java:108)
	at java.base/java.util.concurrent.ThreadPoolExecutor.runWorker(ThreadPoolExecutor.java:1130)
	at java.base/java.util.concurrent.ThreadPoolExecutor$Worker.run(ThreadPoolExecutor.java:630)
	at java.base/java.lang.Thread.run(Thread.java:831)
</pre></div></td>
<td>0</td>
<td>org.tyss.sms.initclasses.LoginInitTest@7b205dbd</td></tr>
<tr>
<td title='org.tyss.sms.initclasses.Admin_LeaveStudentPageSriptTest.PreSetUp()'><b>PreSetUp</b><br>Test class: org.tyss.sms.initclasses.Admin_LeaveStudentPageSriptTest</td>
<td><div><pre>java.lang.NullPointerException: Cannot invoke &quot;String.hashCode()&quot; because &quot;browser&quot; is null
	at org.tyss.sms.genricUtility.SmsWebDriverUtility.setupDriver(SmsWebDriverUtility.java:37)
	at org.tyss.sms.genricUtility.BaseClassTest.PreSetUp(BaseClassTest.java:47)
	at java.base/java.util.concurrent.ThreadPoolExecutor.runWorker(ThreadPoolExecutor.java:1130)
	at java.base/java.util.concurrent.ThreadPoolExecutor$Worker.run(ThreadPoolExecutor.java:630)
	at java.base/java.lang.Thread.run(Thread.java:831)
... Removed 12 stack frames</pre></div><a href='#' onClick='toggleBox("stack-trace599498989", this, "Click to show all stack frames", "Click to hide stack frames")'>Click to show all stack frames</a>
<div class='stack-trace' id='stack-trace599498989'><pre>java.lang.NullPointerException: Cannot invoke &quot;String.hashCode()&quot; because &quot;browser&quot; is null
	at org.tyss.sms.genricUtility.SmsWebDriverUtility.setupDriver(SmsWebDriverUtility.java:37)
	at org.tyss.sms.genricUtility.BaseClassTest.PreSetUp(BaseClassTest.java:47)
	at java.base/jdk.internal.reflect.NativeMethodAccessorImpl.invoke0(Native Method)
	at java.base/jdk.internal.reflect.NativeMethodAccessorImpl.invoke(NativeMethodAccessorImpl.java:78)
	at java.base/jdk.internal.reflect.DelegatingMethodAccessorImpl.invoke(DelegatingMethodAccessorImpl.java:43)
	at java.base/java.lang.reflect.Method.invoke(Method.java:567)
	at org.testng.internal.MethodInvocationHelper.invokeMethod(MethodInvocationHelper.java:85)
	at org.testng.internal.Invoker.invokeConfigurationMethod(Invoker.java:510)
	at org.testng.internal.Invoker.invokeConfigurations(Invoker.java:211)
	at org.testng.internal.Invoker.invokeMethod(Invoker.java:585)
	at org.testng.internal.Invoker.invokeTestMethod(Invoker.java:816)
	at org.testng.internal.Invoker.invokeTestMethods(Invoker.java:1124)
	at org.testng.internal.TestMethodWorker.invokeTestMethods(TestMethodWorker.java:125)
	at org.testng.internal.TestMethodWorker.run(TestMethodWorker.java:108)
	at java.base/java.util.concurrent.ThreadPoolExecutor.runWorker(ThreadPoolExecutor.java:1130)
	at java.base/java.util.concurrent.ThreadPoolExecutor$Worker.run(ThreadPoolExecutor.java:630)
	at java.base/java.lang.Thread.run(Thread.java:831)
</pre></div></td>
<td>0</td>
<td>org.tyss.sms.initclasses.Admin_LeaveStudentPageSriptTest@132e0cc</td></tr>
<tr>
<td title='org.tyss.sms.initclasses.Admin_AddTeacherPageScriptTest.PreSetUp()'><b>PreSetUp</b><br>Test class: org.tyss.sms.initclasses.Admin_AddTeacherPageScriptTest</td>
<td><div><pre>org.openqa.selenium.WebDriverException: unknown error: cannot determine loading status
from disconnected: received Inspector.detached event
  (Session info: chrome=103.0.5060.134)
Build info: version: &apos;4.3.0&apos;, revision: &apos;a4995e2c09*&apos;
System info: host: &apos;YOG&apos;, ip: &apos;172.30.0.1&apos;, os.name: &apos;Windows 10&apos;, os.arch: &apos;amd64&apos;, os.version: &apos;10.0&apos;, java.version: &apos;16.0.1&apos;
Driver info: org.openqa.selenium.chrome.ChromeDriver
Command: [c45e747fc6aee49a1faaadc3a31080c3, get {url=http://192.168.1.108/domain/Student_Management_System/view/login.php}]
Capabilities {acceptInsecureCerts: false, browserName: chrome, browserVersion: 103.0.5060.134, chrome: {chromedriverVersion: 103.0.5060.134 (8ec6fce403b..., userDataDir: C:\Users\yogir\AppData\Loca...}, goog:chromeOptions: {debuggerAddress: localhost:59753}, networkConnectionEnabled: false, pageLoadStrategy: normal, platformName: WINDOWS, proxy: Proxy(), se:cdp: ws://localhost:59753/devtoo..., se:cdpVersion: 103.0.5060.134, setWindowRect: true, strictFileInteractability: false, timeouts: {implicit: 0, pageLoad: 300000, script: 30000}, unhandledPromptBehavior: dismiss and notify, webauthn:extension:credBlob: true, webauthn:extension:largeBlob: true, webauthn:virtualAuthenticators: true}
Session ID: c45e747fc6aee49a1faaadc3a31080c3
	at org.openqa.selenium.remote.codec.w3c.W3CHttpResponseCodec.createException(W3CHttpResponseCodec.java:200)
	at org.openqa.selenium.remote.codec.w3c.W3CHttpResponseCodec.decode(W3CHttpResponseCodec.java:133)
	at org.openqa.selenium.remote.codec.w3c.W3CHttpResponseCodec.decode(W3CHttpResponseCodec.java:53)
	at org.openqa.selenium.remote.HttpCommandExecutor.execute(HttpCommandExecutor.java:184)
	at org.openqa.selenium.remote.service.DriverCommandExecutor.invokeExecute(DriverCommandExecutor.java:167)
	at org.openqa.selenium.remote.service.DriverCommandExecutor.execute(DriverCommandExecutor.java:142)
	at org.openqa.selenium.remote.RemoteWebDriver.execute(RemoteWebDriver.java:569)
	at org.openqa.selenium.remote.RemoteWebDriver.get(RemoteWebDriver.java:332)
	at org.tyss.sms.genricUtility.SmsWebDriverUtility.openApplication(SmsWebDriverUtility.java:78)
	at org.tyss.sms.genricUtility.BaseClassTest.PreSetUp(BaseClassTest.java:50)
	at java.base/java.util.concurrent.ThreadPoolExecutor.runWorker(ThreadPoolExecutor.java:1130)
	at java.base/java.util.concurrent.ThreadPoolExecutor$Worker.run(ThreadPoolExecutor.java:630)
	at java.base/java.lang.Thread.run(Thread.java:831)
... Removed 17 stack frames</pre></div><a href='#' onClick='toggleBox("stack-trace2027713372", this, "Click to show all stack frames", "Click to hide stack frames")'>Click to show all stack frames</a>
<div class='stack-trace' id='stack-trace2027713372'><pre>org.openqa.selenium.WebDriverException: unknown error: cannot determine loading status
from disconnected: received Inspector.detached event
  (Session info: chrome=103.0.5060.134)
Build info: version: &apos;4.3.0&apos;, revision: &apos;a4995e2c09*&apos;
System info: host: &apos;YOG&apos;, ip: &apos;172.30.0.1&apos;, os.name: &apos;Windows 10&apos;, os.arch: &apos;amd64&apos;, os.version: &apos;10.0&apos;, java.version: &apos;16.0.1&apos;
Driver info: org.openqa.selenium.chrome.ChromeDriver
Command: [c45e747fc6aee49a1faaadc3a31080c3, get {url=http://192.168.1.108/domain/Student_Management_System/view/login.php}]
Capabilities {acceptInsecureCerts: false, browserName: chrome, browserVersion: 103.0.5060.134, chrome: {chromedriverVersion: 103.0.5060.134 (8ec6fce403b..., userDataDir: C:\Users\yogir\AppData\Loca...}, goog:chromeOptions: {debuggerAddress: localhost:59753}, networkConnectionEnabled: false, pageLoadStrategy: normal, platformName: WINDOWS, proxy: Proxy(), se:cdp: ws://localhost:59753/devtoo..., se:cdpVersion: 103.0.5060.134, setWindowRect: true, strictFileInteractability: false, timeouts: {implicit: 0, pageLoad: 300000, script: 30000}, unhandledPromptBehavior: dismiss and notify, webauthn:extension:credBlob: true, webauthn:extension:largeBlob: true, webauthn:virtualAuthenticators: true}
Session ID: c45e747fc6aee49a1faaadc3a31080c3
	at java.base/jdk.internal.reflect.NativeConstructorAccessorImpl.newInstance0(Native Method)
	at java.base/jdk.internal.reflect.NativeConstructorAccessorImpl.newInstance(NativeConstructorAccessorImpl.java:78)
	at java.base/jdk.internal.reflect.DelegatingConstructorAccessorImpl.newInstance(DelegatingConstructorAccessorImpl.java:45)
	at java.base/java.lang.reflect.Constructor.newInstanceWithCaller(Constructor.java:499)
	at java.base/java.lang.reflect.Constructor.newInstance(Constructor.java:480)
	at org.openqa.selenium.remote.codec.w3c.W3CHttpResponseCodec.createException(W3CHttpResponseCodec.java:200)
	at org.openqa.selenium.remote.codec.w3c.W3CHttpResponseCodec.decode(W3CHttpResponseCodec.java:133)
	at org.openqa.selenium.remote.codec.w3c.W3CHttpResponseCodec.decode(W3CHttpResponseCodec.java:53)
	at org.openqa.selenium.remote.HttpCommandExecutor.execute(HttpCommandExecutor.java:184)
	at org.openqa.selenium.remote.service.DriverCommandExecutor.invokeExecute(DriverCommandExecutor.java:167)
	at org.openqa.selenium.remote.service.DriverCommandExecutor.execute(DriverCommandExecutor.java:142)
	at org.openqa.selenium.remote.RemoteWebDriver.execute(RemoteWebDriver.java:569)
	at org.openqa.selenium.remote.RemoteWebDriver.get(RemoteWebDriver.java:332)
	at org.tyss.sms.genricUtility.SmsWebDriverUtility.openApplication(SmsWebDriverUtility.java:78)
	at org.tyss.sms.genricUtility.BaseClassTest.PreSetUp(BaseClassTest.java:50)
	at java.base/jdk.internal.reflect.NativeMethodAccessorImpl.invoke0(Native Method)
	at java.base/jdk.internal.reflect.NativeMethodAccessorImpl.invoke(NativeMethodAccessorImpl.java:78)
	at java.base/jdk.internal.reflect.DelegatingMethodAccessorImpl.invoke(DelegatingMethodAccessorImpl.java:43)
	at java.base/java.lang.reflect.Method.invoke(Method.java:567)
	at org.testng.internal.MethodInvocationHelper.invokeMethod(MethodInvocationHelper.java:85)
	at org.testng.internal.Invoker.invokeConfigurationMethod(Invoker.java:510)
	at org.testng.internal.Invoker.invokeConfigurations(Invoker.java:211)
	at org.testng.internal.Invoker.invokeMethod(Invoker.java:585)
	at org.testng.internal.Invoker.invokeTestMethod(Invoker.java:816)
	at org.testng.internal.Invoker.invokeTestMethods(Invoker.java:1124)
	at org.testng.internal.TestMethodWorker.invokeTestMethods(TestMethodWorker.java:125)
	at org.testng.internal.TestMethodWorker.run(TestMethodWorker.java:108)
	at java.base/java.util.concurrent.ThreadPoolExecutor.runWorker(ThreadPoolExecutor.java:1130)
	at java.base/java.util.concurrent.ThreadPoolExecutor$Worker.run(ThreadPoolExecutor.java:630)
	at java.base/java.lang.Thread.run(Thread.java:831)
</pre></div></td>
<td>0</td>
<td>org.tyss.sms.initclasses.Admin_AddTeacherPageScriptTest@67d18ed7</td></tr>
</table><p>
<table width='100%' border='1' class='invocation-skipped'>
<tr><td colspan='4' align='center'><b>SKIPPED CONFIGURATIONS</b></td></tr>
<tr><td><b>Test method</b></td>
<td width="30%"><b>Exception</b></td>
<td width="10%"><b>Time (seconds)</b></td>
<td><b>Instance</b></td>
</tr>
<tr>
<td title='org.tyss.sms.initclasses.Parent_AllTeacherScriptTest.PreSetUp()'><b>PreSetUp</b><br>Test class: org.tyss.sms.initclasses.Parent_AllTeacherScriptTest</td>
<td></td>
<td>0</td>
<td>org.tyss.sms.initclasses.Parent_AllTeacherScriptTest@106cc338</td></tr>
<tr>
<td title='org.tyss.sms.initclasses.InitTeacherAttendancePageTest.PreSetUp()'><b>PreSetUp</b><br>Test class: org.tyss.sms.initclasses.InitTeacherAttendancePageTest</td>
<td></td>
<td>0</td>
<td>org.tyss.sms.initclasses.InitTeacherAttendancePageTest@7a67e3c6</td></tr>
<tr>
<td title='org.sms.runtests.AddteacherScriptTest.PreSetUp()'><b>PreSetUp</b><br>Test class: org.sms.runtests.AddteacherScriptTest</td>
<td></td>
<td>0</td>
<td>org.sms.runtests.AddteacherScriptTest@6cc558c6</td></tr>
<tr>
<td title='org.tyss.sms.initclasses.LoginInitTest.closeBrowser()'><b>closeBrowser</b><br>Test class: org.tyss.sms.initclasses.LoginInitTest</td>
<td></td>
<td>0</td>
<td>org.tyss.sms.initclasses.LoginInitTest@7b205dbd</td></tr>
<tr>
<td title='org.tyss.sms.initclasses.Admin_LeaveStudentPageSriptTest.closeBrowser()'><b>closeBrowser</b><br>Test class: org.tyss.sms.initclasses.Admin_LeaveStudentPageSriptTest</td>
<td></td>
<td>0</td>
<td>org.tyss.sms.initclasses.Admin_LeaveStudentPageSriptTest@132e0cc</td></tr>
<tr>
<td title='org.tyss.sms.initclasses.Parent_AllTeacherScriptTest.closeBrowser()'><b>closeBrowser</b><br>Test class: org.tyss.sms.initclasses.Parent_AllTeacherScriptTest</td>
<td></td>
<td>0</td>
<td>org.tyss.sms.initclasses.Parent_AllTeacherScriptTest@106cc338</td></tr>
<tr>
<td title='org.tyss.sms.initclasses.InitTeacherAttendancePageTest.closeBrowser()'><b>closeBrowser</b><br>Test class: org.tyss.sms.initclasses.InitTeacherAttendancePageTest</td>
<td></td>
<td>0</td>
<td>org.tyss.sms.initclasses.InitTeacherAttendancePageTest@7a67e3c6</td></tr>
<tr>
<td title='org.sms.runtests.AddteacherScriptTest.closeBrowser()'><b>closeBrowser</b><br>Test class: org.sms.runtests.AddteacherScriptTest</td>
<td></td>
<td>0</td>
<td>org.sms.runtests.AddteacherScriptTest@6cc558c6</td></tr>
<tr>
<td title='org.tyss.sms.initclasses.Admin_AddTeacherPageScriptTest.closeBrowser()'><b>closeBrowser</b><br>Test class: org.tyss.sms.initclasses.Admin_AddTeacherPageScriptTest</td>
<td></td>
<td>0</td>
<td>org.tyss.sms.initclasses.Admin_AddTeacherPageScriptTest@67d18ed7</td></tr>
</table><p>
<table width='100%' border='1' class='invocation-passed'>
<tr><td colspan='4' align='center'><b>PASSED TESTS</b></td></tr>
<tr><td><b>Test method</b></td>
<td width="30%"><b>Exception</b></td>
<td width="10%"><b>Time (seconds)</b></td>
<td><b>Instance</b></td>
</tr>
<tr>
<td title='org.tyss.sms.testng_practice.TestNGCreateCustomerTest.createCustomerTest()'><b>createCustomerTest</b><br>Test class: org.tyss.sms.testng_practice.TestNGCreateCustomerTest</td>
<td></td>
<td>0</td>
<td>org.tyss.sms.testng_practice.TestNGCreateCustomerTest@15713d56</td></tr>
<tr>
<td title='org.tyss.sms.testng_practice.TestNGCreateCustomerTest.deleteCustomerTest()'><b>deleteCustomerTest</b><br>Test class: org.tyss.sms.testng_practice.TestNGCreateCustomerTest</td>
<td></td>
<td>0</td>
<td>org.tyss.sms.testng_practice.TestNGCreateCustomerTest@15713d56</td></tr>
<tr>
<td title='org.tyss.sms.testng_practice.TestNGCreateCustomerTest.modifyCustomerTest()'><b>modifyCustomerTest</b><br>Test class: org.tyss.sms.testng_practice.TestNGCreateCustomerTest</td>
<td></td>
<td>0</td>
<td>org.tyss.sms.testng_practice.TestNGCreateCustomerTest@15713d56</td></tr>
</table><p>
<table width='100%' border='1' class='invocation-skipped'>
<tr><td colspan='4' align='center'><b>SKIPPED TESTS</b></td></tr>
<tr><td><b>Test method</b></td>
<td width="30%"><b>Exception</b></td>
<td width="10%"><b>Time (seconds)</b></td>
<td><b>Instance</b></td>
</tr>
<tr>
<td title='org.tyss.sms.initclasses.Admin_AddTeacherPageScriptTest.AddTeacher()'><b>AddTeacher</b><br>Test class: org.tyss.sms.initclasses.Admin_AddTeacherPageScriptTest</td>
<td></td>
<td>0</td>
<td>org.tyss.sms.initclasses.Admin_AddTeacherPageScriptTest@67d18ed7</td></tr>
<tr>
<td title='org.tyss.sms.initclasses.Parent_AllTeacherScriptTest.P_AllTeacher()'><b>P_AllTeacher</b><br>Test class: org.tyss.sms.initclasses.Parent_AllTeacherScriptTest</td>
<td></td>
<td>0</td>
<td>org.tyss.sms.initclasses.Parent_AllTeacherScriptTest@106cc338</td></tr>
<tr>
<td title='org.tyss.sms.initclasses.InitTeacherAttendancePageTest.TeacherAttendanceTest()'><b>TeacherAttendanceTest</b><br>Test class: org.tyss.sms.initclasses.InitTeacherAttendancePageTest</td>
<td></td>
<td>0</td>
<td>org.tyss.sms.initclasses.InitTeacherAttendancePageTest@7a67e3c6</td></tr>
<tr>
<td title='org.sms.runtests.AddteacherScriptTest.addTeacher()'><b>addTeacher</b><br>Test class: org.sms.runtests.AddteacherScriptTest</td>
<td></td>
<td>0</td>
<td>org.sms.runtests.AddteacherScriptTest@6cc558c6</td></tr>
<tr>
<td title='org.tyss.sms.initclasses.LoginInitTest.loginApp()'><b>loginApp</b><br>Test class: org.tyss.sms.initclasses.LoginInitTest</td>
<td></td>
<td>0</td>
<td>org.tyss.sms.initclasses.LoginInitTest@7b205dbd</td></tr>
<tr>
<td title='org.tyss.sms.initclasses.Admin_LeaveStudentPageSriptTest.loginTest()'><b>loginTest</b><br>Test class: org.tyss.sms.initclasses.Admin_LeaveStudentPageSriptTest</td>
<td></td>
<td>0</td>
<td>org.tyss.sms.initclasses.Admin_LeaveStudentPageSriptTest@132e0cc</td></tr>
</table><p>
</body>
</html>