<?xml version="1.0" encoding="UTF-8"?>
<!-- Generated by org.testng.reporters.JUnitXMLReporter -->
<testsuite hostname="Yog" failures="0" tests="9" name="Test" time="44.819" errors="0" timestamp="27 Jul 2022 13:49:29 GMT">
  <testcase classname="org.tyss.sms.initclasses.LoginInitTest" name="@BeforeMethod PreSetUp" time="0.0">
    <failure type="java.lang.NullPointerException" message="Cannot invoke &amp;quot;String.hashCode()&amp;quot; because &amp;quot;browser&amp;quot; is null">
      <![CDATA[java.lang.NullPointerException: Cannot invoke "String.hashCode()" because "browser" is null
	at org.tyss.sms.genricUtility.SmsWebDriverUtility.setupDriver(SmsWebDriverUtility.java:37)
	at org.tyss.sms.genricUtility.BaseClassTest.PreSetUp(BaseClassTest.java:47)
	at java.base/java.util.concurrent.ThreadPoolExecutor.runWorker(ThreadPoolExecutor.java:1130)
	at java.base/java.util.concurrent.ThreadPoolExecutor$Worker.run(ThreadPoolExecutor.java:630)
	at java.base/java.lang.Thread.run(Thread.java:831)
... Removed 12 stack frames]]>
    </failure>
  </testcase> <!-- @BeforeMethod PreSetUp -->
  <testcase classname="org.tyss.sms.initclasses.Admin_LeaveStudentPageSriptTest" name="@BeforeMethod PreSetUp" time="0.0">
    <failure type="java.lang.NullPointerException" message="Cannot invoke &amp;quot;String.hashCode()&amp;quot; because &amp;quot;browser&amp;quot; is null">
      <![CDATA[java.lang.NullPointerException: Cannot invoke "String.hashCode()" because "browser" is null
	at org.tyss.sms.genricUtility.SmsWebDriverUtility.setupDriver(SmsWebDriverUtility.java:37)
	at org.tyss.sms.genricUtility.BaseClassTest.PreSetUp(BaseClassTest.java:47)
	at java.base/java.util.concurrent.ThreadPoolExecutor.runWorker(ThreadPoolExecutor.java:1130)
	at java.base/java.util.concurrent.ThreadPoolExecutor$Worker.run(ThreadPoolExecutor.java:630)
	at java.base/java.lang.Thread.run(Thread.java:831)
... Removed 12 stack frames]]>
    </failure>
  </testcase> <!-- @BeforeMethod PreSetUp -->
  <testcase classname="org.tyss.sms.initclasses.LoginInitTest" name="@AfterMethod closeBrowser" time="0.0">
    <skipped/>
  </testcase> <!-- @AfterMethod closeBrowser -->
  <testcase classname="org.tyss.sms.initclasses.Parent_AllTeacherScriptTest" name="@BeforeMethod PreSetUp" time="0.0">
    <skipped/>
  </testcase> <!-- @BeforeMethod PreSetUp -->
  <testcase classname="org.tyss.sms.initclasses.Admin_LeaveStudentPageSriptTest" name="@AfterMethod closeBrowser" time="0.0">
    <skipped/>
  </testcase> <!-- @AfterMethod closeBrowser -->
  <testcase classname="org.tyss.sms.initclasses.Parent_AllTeacherScriptTest" name="@AfterMethod closeBrowser" time="0.0">
    <skipped/>
  </testcase> <!-- @AfterMethod closeBrowser -->
  <testcase classname="org.tyss.sms.initclasses.InitTeacherAttendancePageTest" name="@BeforeMethod PreSetUp" time="0.0">
    <skipped/>
  </testcase> <!-- @BeforeMethod PreSetUp -->
  <testcase classname="org.sms.runtests.AddteacherScriptTest" name="@BeforeMethod PreSetUp" time="0.0">
    <skipped/>
  </testcase> <!-- @BeforeMethod PreSetUp -->
  <testcase classname="org.tyss.sms.initclasses.InitTeacherAttendancePageTest" name="@AfterMethod closeBrowser" time="0.0">
    <skipped/>
  </testcase> <!-- @AfterMethod closeBrowser -->
  <testcase classname="org.sms.runtests.AddteacherScriptTest" name="@AfterMethod closeBrowser" time="0.0">
    <skipped/>
  </testcase> <!-- @AfterMethod closeBrowser -->
  <testcase classname="org.tyss.sms.initclasses.Admin_AddTeacherPageScriptTest" name="@BeforeMethod PreSetUp" time="0.0">
    <failure type="org.openqa.selenium.WebDriverException" message="unknown error: cannot determine loading status
from disconnected: received Inspector.detached event
  (Session info: chrome=103.0.5060.134)
Build info: version: &amp;apos;4.3.0&amp;apos;, revision: &amp;apos;a4995e2c09*&amp;apos;
System info: host: &amp;apos;YOG&amp;apos;, ip: &amp;apos;172.30.0.1&amp;apos;, os.name: &amp;apos;Windows 10&amp;apos;, os.arch: &amp;apos;amd64&amp;apos;, os.version: &amp;apos;10.0&amp;apos;, java.version: &amp;apos;16.0.1&amp;apos;
Driver info: org.openqa.selenium.chrome.ChromeDriver
Command: [c45e747fc6aee49a1faaadc3a31080c3, get {url=http://192.168.1.108/domain/Student_Management_System/view/login.php}]
Capabilities {acceptInsecureCerts: false, browserName: chrome, browserVersion: 103.0.5060.134, chrome: {chromedriverVersion: 103.0.5060.134 (8ec6fce403b..., userDataDir: C:\Users\yogir\AppData\Loca...}, goog:chromeOptions: {debuggerAddress: localhost:59753}, networkConnectionEnabled: false, pageLoadStrategy: normal, platformName: WINDOWS, proxy: Proxy(), se:cdp: ws://localhost:59753/devtoo..., se:cdpVersion: 103.0.5060.134, setWindowRect: true, strictFileInteractability: false, timeouts: {implicit: 0, pageLoad: 300000, script: 30000}, unhandledPromptBehavior: dismiss and notify, webauthn:extension:credBlob: true, webauthn:extension:largeBlob: true, webauthn:virtualAuthenticators: true}
Session ID: c45e747fc6aee49a1faaadc3a31080c3">
      <![CDATA[org.openqa.selenium.WebDriverException: unknown error: cannot determine loading status
from disconnected: received Inspector.detached event
  (Session info: chrome=103.0.5060.134)
Build info: version: '4.3.0', revision: 'a4995e2c09*'
System info: host: 'YOG', ip: '172.30.0.1', os.name: 'Windows 10', os.arch: 'amd64', os.version: '10.0', java.version: '16.0.1'
Driver info: org.openqa.selenium.chrome.ChromeDriver
Command: [c45e747fc6aee49a1faaadc3a31080c3, get {url=http://192.168.1.108/domain/Student_Management_System/view/login.php}]
Capabilities {acceptInsecureCerts: false, browserName: chrome, browserVersion: 103.0.5060.134, chrome: {chromedriverVersion: 103.0.5060.134 (8ec6fce403b..., userDataDir: C:\Users\yogir\AppData\Loca...}, goog:chromeOptions: {debuggerAddress: localhost:59753}, networkConnectionEnabled: false, pageLoadStrategy: normal, platformName: WINDOWS, proxy: Proxy(), se:cdp: ws://localhost:59753/devtoo..., se:cdpVersion: 103.0.5060.134, setWindowRect: true, strictFileInteractability: false, timeouts: {implicit: 0, pageLoad: 300000, script: 30000}, unhandledPromptBehavior: dismiss and notify, webauthn:extension:credBlob: true, webauthn:extension:largeBlob: true, webauthn:virtualAuthenticators: true}
Session ID: c45e747fc6aee49a1faaadc3a31080c3
	at org.openqa.selenium.remote.codec.w3c.W3CHttpResponseCodec.createException(W3CHttpResponseCodec.java:200)
	at org.openqa.selenium.remote.codec.w3c.W3CHttpResponseCodec.decode(W3CHttpResponseCodec.java:133)
	at org.openqa.selenium.remote.codec.w3c.W3CHttpResponseCodec.decode(W3CHttpResponseCodec.java:53)
	at org.openqa.selenium.remote.HttpCommandExecutor.execute(HttpCommandExecutor.java:184)
	at org.openqa.selenium.remote.service.DriverCommandExecutor.invokeExecute(DriverCommandExecutor.java:167)
	at org.openqa.selenium.remote.service.DriverCommandExecutor.execute(DriverCommandExecutor.java:142)
	at org.openqa.selenium.remote.RemoteWebDriver.execute(RemoteWebDriver.java:569)
	at org.openqa.selenium.remote.RemoteWebDriver.get(RemoteWebDriver.java:332)
	at org.tyss.sms.genricUtility.SmsWebDriverUtility.openApplication(SmsWebDriverUtility.java:78)
	at org.tyss.sms.genricUtility.BaseClassTest.PreSetUp(BaseClassTest.java:50)
	at java.base/java.util.concurrent.ThreadPoolExecutor.runWorker(ThreadPoolExecutor.java:1130)
	at java.base/java.util.concurrent.ThreadPoolExecutor$Worker.run(ThreadPoolExecutor.java:630)
	at java.base/java.lang.Thread.run(Thread.java:831)
... Removed 17 stack frames]]>
    </failure>
  </testcase> <!-- @BeforeMethod PreSetUp -->
  <testcase classname="org.tyss.sms.initclasses.Admin_AddTeacherPageScriptTest" name="@AfterMethod closeBrowser" time="0.0">
    <skipped/>
  </testcase> <!-- @AfterMethod closeBrowser -->
  <testcase classname="org.tyss.sms.initclasses.LoginInitTest" name="loginApp" time="0.004">
    <skipped/>
  </testcase> <!-- loginApp -->
  <testcase classname="org.tyss.sms.initclasses.Admin_LeaveStudentPageSriptTest" name="loginTest" time="0.008">
    <skipped/>
  </testcase> <!-- loginTest -->
  <testcase classname="org.tyss.sms.initclasses.Parent_AllTeacherScriptTest" name="P_AllTeacher" time="0.004">
    <skipped/>
  </testcase> <!-- P_AllTeacher -->
  <testcase classname="org.tyss.sms.initclasses.InitTeacherAttendancePageTest" name="TeacherAttendanceTest" time="0.003">
    <skipped/>
  </testcase> <!-- TeacherAttendanceTest -->
  <testcase classname="org.sms.runtests.AddteacherScriptTest" name="addTeacher" time="0.002">
    <skipped/>
  </testcase> <!-- addTeacher -->
  <testcase classname="org.tyss.sms.testng_practice.TestNGCreateCustomerTest" name="modifyCustomerTest" time="0.002"/>
  <testcase classname="org.tyss.sms.testng_practice.TestNGCreateCustomerTest" name="deleteCustomerTest" time="0.003"/>
  <testcase classname="org.tyss.sms.testng_practice.TestNGCreateCustomerTest" name="createCustomerTest" time="0.003"/>
  <testcase classname="org.tyss.sms.initclasses.Admin_AddTeacherPageScriptTest" name="AddTeacher" time="0.002">
    <skipped/>
  </testcase> <!-- AddTeacher -->
</testsuite> <!-- Test -->
